# JRE version: OpenJDK Runtime Environment (17.0.9) (build 17.0.9+0--11185874)
# Java VM: OpenJDK 64-Bit Server VM (17.0.9+0--11185874, mixed mode, tiered, compressed oops, compressed class ptrs, g1 gc, windows-amd64)
GC Precious Log:
 CPUs: 16 total, 16 available
 Memory: 7896M
 Large Page Support: Disabled
 NUMA Support: Disabled
 Compressed Oops: Enabled (32-bit)
 Heap Region Size: 1M
 Heap Min Capacity: 8M
 Heap Initial Capacity: 124M
 Heap Max Capacity: 2G
 Pre-touch: Disabled
 Parallel Workers: 13
 Concurrent Workers: 3
 Concurrent Refinement Workers: 13
 Periodic GC: Disabled
Heap:
 garbage-first heap   total 224256K, used 72264K [0x0000000080000000, 0x0000000100000000)
  region size 1024K, 29 young (29696K), 5 survivors (5120K)
 Metaspace       used 47135K, committed 47616K, reserved 1114112K
  class space    used 6187K, committed 6400K, reserved 1048576K
GC Heap History (20 events):
Event: 1.633 GC heap before
{Heap before GC invocations=2 (full 0):
 garbage-first heap   total 126976K, used 49294K [0x0000000080000000, 0x0000000100000000)
  region size 1024K, 41 young (41984K), 4 survivors (4096K)
 Metaspace       used 21271K, committed 21504K, reserved 1114112K
  class space    used 2502K, committed 2560K, reserved 1048576K
}
Event: 1.640 GC heap after
{Heap after GC invocations=3 (full 0):
 garbage-first heap   total 126976K, used 18571K [0x0000000080000000, 0x0000000100000000)
  region size 1024K, 9 young (9216K), 9 survivors (9216K)
 Metaspace       used 21271K, committed 21504K, reserved 1114112K
  class space    used 2502K, committed 2560K, reserved 1048576K
}
Event: 2.066 GC heap before
{Heap before GC invocations=4 (full 0):
 garbage-first heap   total 68608K, used 50315K [0x0000000080000000, 0x0000000100000000)
  region size 1024K, 40 young (40960K), 9 survivors (9216K)
 Metaspace       used 26346K, committed 26624K, reserved 1114112K
  class space    used 3404K, committed 3520K, reserved 1048576K
}
Event: 2.072 GC heap after
{Heap after GC invocations=5 (full 0):
 garbage-first heap   total 68608K, used 20446K [0x0000000080000000, 0x0000000100000000)
  region size 1024K, 3 young (3072K), 3 survivors (3072K)
 Metaspace       used 26346K, committed 26624K, reserved 1114112K
  class space    used 3404K, committed 3520K, reserved 1048576K
}
Event: 2.090 GC heap before
{Heap before GC invocations=5 (full 0):
 garbage-first heap   total 68608K, used 20446K [0x0000000080000000, 0x0000000100000000)
  region size 1024K, 4 young (4096K), 3 survivors (3072K)
 Metaspace       used 26498K, committed 26816K, reserved 1114112K
  class space    used 3422K, committed 3584K, reserved 1048576K
}
Event: 2.093 GC heap after
{Heap after GC invocations=6 (full 0):
 garbage-first heap   total 68608K, used 20038K [0x0000000080000000, 0x0000000100000000)
  region size 1024K, 1 young (1024K), 1 survivors (1024K)
 Metaspace       used 26498K, committed 26816K, reserved 1114112K
  class space    used 3422K, committed 3584K, reserved 1048576K
}
Event: 2.392 GC heap before
{Heap before GC invocations=6 (full 0):
 garbage-first heap   total 68608K, used 50758K [0x0000000080000000, 0x0000000100000000)
  region size 1024K, 25 young (25600K), 1 survivors (1024K)
 Metaspace       used 29836K, committed 30144K, reserved 1114112K
  class space    used 4004K, committed 4160K, reserved 1048576K
}
Event: 2.395 GC heap after
{Heap after GC invocations=7 (full 0):
 garbage-first heap   total 101376K, used 31558K [0x0000000080000000, 0x0000000100000000)
  region size 1024K, 4 young (4096K), 4 survivors (4096K)
 Metaspace       used 29836K, committed 30144K, reserved 1114112K
  class space    used 4004K, committed 4160K, reserved 1048576K
}
Event: 2.832 GC heap before
{Heap before GC invocations=7 (full 0):
 garbage-first heap   total 101376K, used 73542K [0x0000000080000000, 0x0000000100000000)
  region size 1024K, 42 young (43008K), 4 survivors (4096K)
 Metaspace       used 35208K, committed 35584K, reserved 1114112K
  class space    used 4852K, committed 4992K, reserved 1048576K
}
Event: 2.835 GC heap after
{Heap after GC invocations=8 (full 0):
 garbage-first heap   total 101376K, used 37489K [0x0000000080000000, 0x0000000100000000)
  region size 1024K, 3 young (3072K), 3 survivors (3072K)
 Metaspace       used 35208K, committed 35584K, reserved 1114112K
  class space    used 4852K, committed 4992K, reserved 1048576K
}
Event: 2.864 GC heap before
{Heap before GC invocations=8 (full 0):
 garbage-first heap   total 101376K, used 38513K [0x0000000080000000, 0x0000000100000000)
  region size 1024K, 5 young (5120K), 3 survivors (3072K)
 Metaspace       used 35668K, committed 35968K, reserved 1114112K
  class space    used 4904K, committed 5056K, reserved 1048576K
}
Event: 2.866 GC heap after
{Heap after GC invocations=9 (full 0):
 garbage-first heap   total 101376K, used 37954K [0x0000000080000000, 0x0000000100000000)
  region size 1024K, 1 young (1024K), 1 survivors (1024K)
 Metaspace       used 35668K, committed 35968K, reserved 1114112K
  class space    used 4904K, committed 5056K, reserved 1048576K
}
Event: 3.220 GC heap before
{Heap before GC invocations=10 (full 0):
 garbage-first heap   total 101376K, used 74818K [0x0000000080000000, 0x0000000100000000)
  region size 1024K, 38 young (38912K), 1 survivors (1024K)
 Metaspace       used 41956K, committed 42304K, reserved 1114112K
  class space    used 5575K, committed 5760K, reserved 1048576K
}
Event: 3.224 GC heap after
{Heap after GC invocations=11 (full 0):
 garbage-first heap   total 101376K, used 42917K [0x0000000080000000, 0x0000000100000000)
  region size 1024K, 5 young (5120K), 5 survivors (5120K)
 Metaspace       used 41956K, committed 42304K, reserved 1114112K
  class space    used 5575K, committed 5760K, reserved 1048576K
}
Event: 3.227 GC heap before
{Heap before GC invocations=11 (full 0):
 garbage-first heap   total 101376K, used 43941K [0x0000000080000000, 0x0000000100000000)
  region size 1024K, 6 young (6144K), 5 survivors (5120K)
 Metaspace       used 41963K, committed 42368K, reserved 1114112K
  class space    used 5576K, committed 5760K, reserved 1048576K
}
Event: 3.231 GC heap after
{Heap after GC invocations=12 (full 0):
 garbage-first heap   total 101376K, used 41699K [0x0000000080000000, 0x0000000100000000)
  region size 1024K, 1 young (1024K), 1 survivors (1024K)
 Metaspace       used 41963K, committed 42368K, reserved 1114112K
  class space    used 5576K, committed 5760K, reserved 1048576K
}
Event: 3.644 GC heap before
{Heap before GC invocations=12 (full 0):
 garbage-first heap   total 101376K, used 77539K [0x0000000080000000, 0x0000000100000000)
  region size 1024K, 35 young (35840K), 1 survivors (1024K)
 Metaspace       used 46642K, committed 47040K, reserved 1114112K
  class space    used 6162K, committed 6336K, reserved 1048576K
}
Event: 3.647 GC heap after
{Heap after GC invocations=13 (full 0):
 garbage-first heap   total 224256K, used 44198K [0x0000000080000000, 0x0000000100000000)
  region size 1024K, 3 young (3072K), 3 survivors (3072K)
 Metaspace       used 46642K, committed 47040K, reserved 1114112K
  class space    used 6162K, committed 6336K, reserved 1048576K
}
Event: 3.947 GC heap before
{Heap before GC invocations=13 (full 0):
 garbage-first heap   total 224256K, used 151718K [0x0000000080000000, 0x0000000100000000)
  region size 1024K, 101 young (103424K), 3 survivors (3072K)
 Metaspace       used 47131K, committed 47616K, reserved 1114112K
  class space    used 6187K, committed 6400K, reserved 1048576K
}
Event: 3.951 GC heap after
{Heap after GC invocations=14 (full 0):
 garbage-first heap   total 224256K, used 48712K [0x0000000080000000, 0x0000000100000000)
  region size 1024K, 5 young (5120K), 5 survivors (5120K)
 Metaspace       used 47131K, committed 47616K, reserved 1114112K
  class space    used 6187K, committed 6400K, reserved 1048576K
}

