# JRE version: OpenJDK Runtime Environment (17.0.9) (build 17.0.9+0--11185874)
# Java VM: OpenJDK 64-Bit Server VM (17.0.9+0--11185874, mixed mode, tiered, compressed oops, compressed class ptrs, g1 gc, windows-amd64)
GC Precious Log:
 CPUs: 16 total, 16 available
 Memory: 7896M
 Large Page Support: Disabled
 NUMA Support: Disabled
 Compressed Oops: Enabled (32-bit)
 Heap Region Size: 1M
 Heap Min Capacity: 8M
 Heap Initial Capacity: 124M
 Heap Max Capacity: 2G
 Pre-touch: Disabled
 Parallel Workers: 13
 Concurrent Workers: 3
 Concurrent Refinement Workers: 13
 Periodic GC: Disabled
Heap:
 garbage-first heap   total 104448K, used 68924K [0x0000000080000000, 0x0000000100000000)
  region size 1024K, 21 young (21504K), 1 survivors (1024K)
 Metaspace       used 49821K, committed 50240K, reserved 1114112K
  class space    used 6566K, committed 6784K, reserved 1048576K
GC Heap History (20 events):
Event: 1.349 GC heap before
{Heap before GC invocations=2 (full 0):
 garbage-first heap   total 126976K, used 49026K [0x0000000080000000, 0x0000000100000000)
  region size 1024K, 40 young (40960K), 4 survivors (4096K)
 Metaspace       used 21270K, committed 21504K, reserved 1114112K
  class space    used 2505K, committed 2624K, reserved 1048576K
}
Event: 1.355 GC heap after
{Heap after GC invocations=3 (full 0):
 garbage-first heap   total 126976K, used 19487K [0x0000000080000000, 0x0000000100000000)
  region size 1024K, 9 young (9216K), 9 survivors (9216K)
 Metaspace       used 21270K, committed 21504K, reserved 1114112K
  class space    used 2505K, committed 2624K, reserved 1048576K
}
Event: 1.756 GC heap before
{Heap before GC invocations=4 (full 0):
 garbage-first heap   total 71680K, used 52255K [0x0000000080000000, 0x0000000100000000)
  region size 1024K, 42 young (43008K), 9 survivors (9216K)
 Metaspace       used 26737K, committed 27008K, reserved 1114112K
  class space    used 3472K, committed 3584K, reserved 1048576K
}
Event: 1.762 GC heap after
{Heap after GC invocations=5 (full 0):
 garbage-first heap   total 71680K, used 21087K [0x0000000080000000, 0x0000000100000000)
  region size 1024K, 3 young (3072K), 3 survivors (3072K)
 Metaspace       used 26737K, committed 27008K, reserved 1114112K
  class space    used 3472K, committed 3584K, reserved 1048576K
}
Event: 3.322 GC heap before
{Heap before GC invocations=5 (full 0):
 garbage-first heap   total 71680K, used 58975K [0x0000000080000000, 0x0000000100000000)
  region size 1024K, 30 young (30720K), 3 survivors (3072K)
 Metaspace       used 30574K, committed 30912K, reserved 1114112K
  class space    used 4125K, committed 4288K, reserved 1048576K
}
Event: 3.326 GC heap after
{Heap after GC invocations=6 (full 0):
 garbage-first heap   total 71680K, used 38205K [0x0000000080000000, 0x0000000100000000)
  region size 1024K, 4 young (4096K), 4 survivors (4096K)
 Metaspace       used 30574K, committed 30912K, reserved 1114112K
  class space    used 4125K, committed 4288K, reserved 1048576K
}
Event: 3.482 GC heap before
{Heap before GC invocations=6 (full 0):
 garbage-first heap   total 71680K, used 51517K [0x0000000080000000, 0x0000000100000000)
  region size 1024K, 18 young (18432K), 4 survivors (4096K)
 Metaspace       used 32516K, committed 32896K, reserved 1114112K
  class space    used 4439K, committed 4608K, reserved 1048576K
}
Event: 3.484 GC heap after
{Heap after GC invocations=7 (full 0):
 garbage-first heap   total 71680K, used 37999K [0x0000000080000000, 0x0000000100000000)
  region size 1024K, 1 young (1024K), 1 survivors (1024K)
 Metaspace       used 32516K, committed 32896K, reserved 1114112K
  class space    used 4439K, committed 4608K, reserved 1048576K
}
Event: 3.674 GC heap before
{Heap before GC invocations=8 (full 0):
 garbage-first heap   total 71680K, used 54383K [0x0000000080000000, 0x0000000100000000)
  region size 1024K, 17 young (17408K), 1 survivors (1024K)
 Metaspace       used 34802K, committed 35136K, reserved 1114112K
  class space    used 4811K, committed 4928K, reserved 1048576K
}
Event: 3.676 GC heap after
{Heap after GC invocations=9 (full 0):
 garbage-first heap   total 87040K, used 38710K [0x0000000080000000, 0x0000000100000000)
  region size 1024K, 2 young (2048K), 2 survivors (2048K)
 Metaspace       used 34802K, committed 35136K, reserved 1114112K
  class space    used 4811K, committed 4928K, reserved 1048576K
}
Event: 3.874 GC heap before
{Heap before GC invocations=9 (full 0):
 garbage-first heap   total 87040K, used 65334K [0x0000000080000000, 0x0000000100000000)
  region size 1024K, 29 young (29696K), 2 survivors (2048K)
 Metaspace       used 38383K, committed 38784K, reserved 1114112K
  class space    used 5173K, committed 5312K, reserved 1048576K
}
Event: 3.878 GC heap after
{Heap after GC invocations=10 (full 0):
 garbage-first heap   total 87040K, used 41365K [0x0000000080000000, 0x0000000100000000)
  region size 1024K, 4 young (4096K), 4 survivors (4096K)
 Metaspace       used 38383K, committed 38784K, reserved 1114112K
  class space    used 5173K, committed 5312K, reserved 1048576K
}
Event: 4.128 GC heap before
{Heap before GC invocations=10 (full 0):
 garbage-first heap   total 87040K, used 66965K [0x0000000080000000, 0x0000000100000000)
  region size 1024K, 30 young (30720K), 4 survivors (4096K)
 Metaspace       used 42141K, committed 42560K, reserved 1114112K
  class space    used 5752K, committed 5952K, reserved 1048576K
}
Event: 4.132 GC heap after
{Heap after GC invocations=11 (full 0):
 garbage-first heap   total 87040K, used 42143K [0x0000000080000000, 0x0000000100000000)
  region size 1024K, 2 young (2048K), 2 survivors (2048K)
 Metaspace       used 42141K, committed 42560K, reserved 1114112K
  class space    used 5752K, committed 5952K, reserved 1048576K
}
Event: 4.467 GC heap before
{Heap before GC invocations=11 (full 0):
 garbage-first heap   total 87040K, used 67743K [0x0000000080000000, 0x0000000100000000)
  region size 1024K, 27 young (27648K), 2 survivors (2048K)
 Metaspace       used 48168K, committed 48576K, reserved 1114112K
  class space    used 6438K, committed 6592K, reserved 1048576K
}
Event: 4.470 GC heap after
{Heap after GC invocations=12 (full 0):
 garbage-first heap   total 87040K, used 45618K [0x0000000080000000, 0x0000000100000000)
  region size 1024K, 4 young (4096K), 4 survivors (4096K)
 Metaspace       used 48168K, committed 48576K, reserved 1114112K
  class space    used 6438K, committed 6592K, reserved 1048576K
}
Event: 4.512 GC heap before
{Heap before GC invocations=13 (full 0):
 garbage-first heap   total 87040K, used 50738K [0x0000000080000000, 0x0000000100000000)
  region size 1024K, 11 young (11264K), 4 survivors (4096K)
 Metaspace       used 48459K, committed 48832K, reserved 1114112K
  class space    used 6473K, committed 6656K, reserved 1048576K
}
Event: 4.515 GC heap after
{Heap after GC invocations=14 (full 0):
 garbage-first heap   total 104448K, used 46993K [0x0000000080000000, 0x0000000100000000)
  region size 1024K, 2 young (2048K), 2 survivors (2048K)
 Metaspace       used 48459K, committed 48832K, reserved 1114112K
  class space    used 6473K, committed 6656K, reserved 1048576K
}
Event: 4.517 GC heap before
{Heap before GC invocations=14 (full 0):
 garbage-first heap   total 104448K, used 48017K [0x0000000080000000, 0x0000000100000000)
  region size 1024K, 2 young (2048K), 2 survivors (2048K)
 Metaspace       used 48459K, committed 48832K, reserved 1114112K
  class space    used 6473K, committed 6656K, reserved 1048576K
}
Event: 4.518 GC heap after
{Heap after GC invocations=15 (full 0):
 garbage-first heap   total 104448K, used 47420K [0x0000000080000000, 0x0000000100000000)
  region size 1024K, 1 young (1024K), 1 survivors (1024K)
 Metaspace       used 48459K, committed 48832K, reserved 1114112K
  class space    used 6473K, committed 6656K, reserved 1048576K
}

